<?xml version="1.0" encoding="UTF-8"?>
<!-- Generated by org.testng.reporters.JUnitReportReporter -->
<testsuite hostname="LAPTOP-PTNS5S83" failures="0" tests="1" name="com.example.jenkins.LaunchMe" time="0.016" errors="0" timestamp="2025-02-07T00:12:25 IST" skipped="0">
  <testcase classname="com.example.jenkins.LaunchMe" name="launchBrowser" time="0.016"/>
  <system-out/>
</testsuite> <!-- com.example.jenkins.LaunchMe -->
