<?xml version="1.0" encoding="UTF-8"?>
<!-- Generated by org.testng.reporters.JUnitReportReporter -->
<testsuite hostname="LAPTOP-PTNS5S83" failures="0" tests="1" name="com.example.jenkins.LaunchMe" time="36.674" errors="0" timestamp="7 Feb 2025 04:59:38 GMT">
  <testcase classname="com.example.jenkins.LaunchMe" name="launchBrowser" time="36.674"/>
</testsuite> <!-- com.example.jenkins.LaunchMe -->
